Build started 6/13/2013 2:53:17 PM.
     1>Project "C:\Users\Matthew\Dropbox\GSP_281_Shared_Folder\GSP_281_Project_4_Montgomery_Meadows_Hoffman\line.vcxproj" on node 2 (Build target(s)).
     1>ClCompile:
         C:\Program Files (x86)\Microsoft Visual Studio 11.0\VC\bin\CL.exe /c /ZI /nologo /W3 /WX- /Od /Oy- /D WIN32 /D _DEBUG /D _WINDOWS /D _VC80_UPGRADE=0x0710 /D _MBCS /Gm /EHsc /RTC1 /MTd /GS /fp:precise /Zc:wchar_t /Zc:forScope /Fo"Debug\\" /Fd"Debug\vc110.pdb" /Gd /TP /analyze- /errorReport:prompt main.cpp
         main.cpp
     1>c:\users\matthew\dropbox\gsp_281_shared_folder\gsp_281_project_4_montgomery_meadows_hoffman\main.cpp(46): error C4716: 'runSimulation' : must return a value
     1>Done Building Project "C:\Users\Matthew\Dropbox\GSP_281_Shared_Folder\GSP_281_Project_4_Montgomery_Meadows_Hoffman\line.vcxproj" (Build target(s)) -- FAILED.

Build FAILED.

Time Elapsed 00:00:02.35
